
> react-typescript-starter@0.1.0 test
> react-scripts test "--coverage"

PASS src/arrays.test.ts
PASS src/functions.test.ts
PASS src/text.test.tsx
PASS src/App.test.tsx
--------------|---------|----------|---------|---------|-------------------
File          | % Stmts | % Branch | % Funcs | % Lines | Uncovered Line #s 
--------------|---------|----------|---------|---------|-------------------
All files     |   91.02 |    86.95 |   96.55 |   90.66 |                   
 App.tsx      |      50 |      100 |      50 |      50 | 42                
 arrays.ts    |   97.95 |      100 |     100 |   97.82 | 14                
 functions.ts |   81.48 |    81.25 |     100 |   81.48 | 25,31,34,39,73    
--------------|---------|----------|---------|---------|-------------------

Test Suites: 4 passed, 4 total
Tests:       16 passed, 16 total
Snapshots:   0 total
Time:        4.396 s
Ran all test suites.
