
> react-typescript-starter@0.1.0 test
> react-scripts test "--coverage"

PASS src/arrays.test.ts
PASS src/objects.test.ts
PASS src/functions.test.ts
PASS src/text.test.tsx
PASS src/App.test.tsx
----------------|---------|----------|---------|---------|-------------------
File            | % Stmts | % Branch | % Funcs | % Lines | Uncovered Line #s 
----------------|---------|----------|---------|---------|-------------------
All files       |   92.04 |       88 |   97.43 |   91.76 |                   
 src            |   92.04 |       88 |   97.43 |   91.76 |                   
  App.tsx       |      50 |      100 |      50 |      50 | 42                
  arrays.ts     |   97.95 |      100 |     100 |   97.82 | 14                
  functions.ts  |   81.48 |    81.25 |     100 |   81.48 | 25,31,34,39,73    
  objects.ts    |     100 |      100 |     100 |     100 |                   
 src/interfaces |       0 |        0 |       0 |       0 |                   
  question.ts   |       0 |        0 |       0 |       0 |                   
----------------|---------|----------|---------|---------|-------------------

Test Suites: 5 passed, 5 total
Tests:       26 passed, 26 total
Snapshots:   0 total
Time:        5.371 s
Ran all test suites.
